#
# There is insufficient memory for the Java Runtime Environment to continue.
# Native memory allocation (malloc) failed to allocate 1451488 bytes for Chunk::new
# Possible reasons:
#   The system is out of physical RAM or swap space
#   The process is running with CompressedOops enabled, and the Java Heap may be blocking the growth of the native heap
# Possible solutions:
#   Reduce memory load on the system
#   Increase physical memory or swap space
#   Check if swap backing store is full
#   Decrease Java heap size (-Xmx/-Xms)
#   Decrease number of Java threads
#   Decrease Java thread stack sizes (-Xss)
#   Set larger code cache with -XX:ReservedCodeCacheSize=
#   JVM is running with Zero Based Compressed Oops mode in which the Java heap is
#     placed in the first 32GB address space. The Java Heap base address is the
#     maximum limit for the native heap growth. Please use -XX:HeapBaseMinAddress
#     to set the Java Heap base and to place the Java Heap above 32GB virtual address.
# This output file may be truncated or incomplete.
#
#  Out of Memory Error (arena.cpp:191), pid=21800, tid=9076
#
# JRE version: OpenJDK Runtime Environment Corretto-17.0.9.8.1 (17.0.9+8) (build 17.0.9+8-LTS)
# Java VM: OpenJDK 64-Bit Server VM Corretto-17.0.9.8.1 (17.0.9+8-LTS, mixed mode, sharing, tiered, compressed oops, compressed class ptrs, g1 gc, windows-amd64)
# No core dump will be written. Minidumps are not enabled by default on client versions of Windows
#

---------------  S U M M A R Y ------------

Command Line: -Dmaven.multiModuleProjectDirectory=C:\Users\Safarboy\Desktop\cdleldt-api -Djansi.passthrough=true -Dmaven.home=C:\Users\Safarboy\.m2\wrapper\dists\apache-maven-3.8.6-bin\1ks0nkde5v1pk9vtc31i9d0lcd\apache-maven-3.8.6 -Dclassworlds.conf=C:\Users\Safarboy\.m2\wrapper\dists\apache-maven-3.8.6-bin\1ks0nkde5v1pk9vtc31i9d0lcd\apache-maven-3.8.6\bin\m2.conf -Dmaven.ext.class.path=C:\Program Files\JetBrains\IntelliJ IDEA 2023.2.3\plugins\maven\lib\maven-event-listener.jar -javaagent:C:\Program Files\JetBrains\IntelliJ IDEA 2023.2.3\lib\idea_rt.jar=64645:C:\Program Files\JetBrains\IntelliJ IDEA 2023.2.3\bin -Dfile.encoding=UTF-8 org.codehaus.classworlds.Launcher -Didea.version=2023.2.3 install

Host: 12th Gen Intel(R) Core(TM) i7-12700H, 20 cores, 15G,  Windows 11 , 64 bit Build 26100 (10.0.26100.3037)
Time: Sat Feb  1 00:55:30 2025 West Asia Standard Time elapsed time: 2.928372 seconds (0d 0h 0m 2s)

---------------  T H R E A D  ---------------

Current thread (0x00000125840a7b50):  JavaThread "C2 CompilerThread4" daemon [_thread_in_native, id=9076, stack(0x000000069e400000,0x000000069e500000)]


Current CompileTask:
C2:   2928 6663       4       lombok.core.AST::buildWithField (21 bytes)

Stack: [0x000000069e400000,0x000000069e500000]
Native frames: (J=compiled Java code, j=interpreted, Vv=VM code, C=native code)
V  [jvm.dll+0x67cb49]
V  [jvm.dll+0x8344da]
V  [jvm.dll+0x835f9e]
V  [jvm.dll+0x836603]
V  [jvm.dll+0x247b5f]
V  [jvm.dll+0xac43c]
V  [jvm.dll+0xaca8c]
V  [jvm.dll+0x366c87]
V  [jvm.dll+0x1bd426]
V  [jvm.dll+0x21a359]
V  [jvm.dll+0x219621]
V  [jvm.dll+0x1a56cd]
V  [jvm.dll+0x2293ee]
V  [jvm.dll+0x2275bc]
V  [jvm.dll+0x7e95a7]
V  [jvm.dll+0x7e396a]
V  [jvm.dll+0x67ba35]
C  [ucrtbase.dll+0x37b0]
C  [KERNEL32.DLL+0x2e8d7]
C  [ntdll.dll+0xbbf2c]


---------------  P R O C E S S  ---------------

Threads class SMR info:
_java_thread_list=0x00000125cf0c86e0, length=22, elements={
0x00000125e0aeb6b0, 0x0000012584084de0, 0x00000125840858b0, 0x0000012584096f40,
0x0000012584099820, 0x000001258409a0f0, 0x000001258409a9c0, 0x00000125840a75e0,
0x00000125840ab070, 0x00000125840aff30, 0x0000012584ab7d20, 0x00000125840a85f0,
0x00000125840a9090, 0x00000125840a95e0, 0x00000125840aa080, 0x0000012584bc5390,
0x0000012584bc6080, 0x00000125840aab20, 0x00000125840aa5d0, 0x00000125840a7b50,
0x00000125840a80a0, 0x00000125caac4ab0
}

Java Threads: ( => current thread )
  0x00000125e0aeb6b0 JavaThread "main" [_thread_in_Java, id=8728, stack(0x000000069ca00000,0x000000069cb00000)]
  0x0000012584084de0 JavaThread "Reference Handler" daemon [_thread_blocked, id=19132, stack(0x000000069d100000,0x000000069d200000)]
  0x00000125840858b0 JavaThread "Finalizer" daemon [_thread_blocked, id=3160, stack(0x000000069d200000,0x000000069d300000)]
  0x0000012584096f40 JavaThread "Signal Dispatcher" daemon [_thread_blocked, id=4804, stack(0x000000069d300000,0x000000069d400000)]
  0x0000012584099820 JavaThread "Attach Listener" daemon [_thread_blocked, id=12924, stack(0x000000069d400000,0x000000069d500000)]
  0x000001258409a0f0 JavaThread "Service Thread" daemon [_thread_blocked, id=22192, stack(0x000000069d500000,0x000000069d600000)]
  0x000001258409a9c0 JavaThread "Monitor Deflation Thread" daemon [_thread_blocked, id=20668, stack(0x000000069d600000,0x000000069d700000)]
  0x00000125840a75e0 JavaThread "C2 CompilerThread0" daemon [_thread_in_native, id=20236, stack(0x000000069d700000,0x000000069d800000)]
  0x00000125840ab070 JavaThread "C1 CompilerThread0" daemon [_thread_blocked, id=16596, stack(0x000000069d800000,0x000000069d900000)]
  0x00000125840aff30 JavaThread "Sweeper thread" daemon [_thread_blocked, id=5676, stack(0x000000069d900000,0x000000069da00000)]
  0x0000012584ab7d20 JavaThread "Common-Cleaner" daemon [_thread_blocked, id=14948, stack(0x000000069da00000,0x000000069db00000)]
  0x00000125840a85f0 JavaThread "C1 CompilerThread1" daemon [_thread_blocked, id=1236, stack(0x000000069db00000,0x000000069dc00000)]
  0x00000125840a9090 JavaThread "C1 CompilerThread2" daemon [_thread_blocked, id=21548, stack(0x000000069dc00000,0x000000069dd00000)]
  0x00000125840a95e0 JavaThread "C1 CompilerThread3" daemon [_thread_blocked, id=12400, stack(0x000000069dd00000,0x000000069de00000)]
  0x00000125840aa080 JavaThread "C2 CompilerThread1" daemon [_thread_in_native, id=12168, stack(0x000000069de00000,0x000000069df00000)]
  0x0000012584bc5390 JavaThread "Monitor Ctrl-Break" daemon [_thread_in_native, id=2080, stack(0x000000069df00000,0x000000069e000000)]
  0x0000012584bc6080 JavaThread "Notification Thread" daemon [_thread_blocked, id=19364, stack(0x000000069e000000,0x000000069e100000)]
  0x00000125840aab20 JavaThread "C2 CompilerThread2" daemon [_thread_in_native, id=11628, stack(0x000000069e200000,0x000000069e300000)]
  0x00000125840aa5d0 JavaThread "C2 CompilerThread3" daemon [_thread_in_native, id=17588, stack(0x000000069e300000,0x000000069e400000)]
=>0x00000125840a7b50 JavaThread "C2 CompilerThread4" daemon [_thread_in_native, id=9076, stack(0x000000069e400000,0x000000069e500000)]
  0x00000125840a80a0 JavaThread "C2 CompilerThread5" daemon [_thread_in_native, id=11332, stack(0x000000069e500000,0x000000069e600000)]
  0x00000125caac4ab0 JavaThread "C2 CompilerThread6" daemon [_thread_in_native, id=3436, stack(0x000000069f700000,0x000000069f800000)]

Other Threads:
  0x000001258407f410 VMThread "VM Thread" [stack: 0x000000069d000000,0x000000069d100000] [id=536]
  0x0000012584ba6720 WatcherThread [stack: 0x000000069e100000,0x000000069e200000] [id=18268]
  0x00000125e0b59c60 GCTaskThread "GC Thread#0" [stack: 0x000000069cb00000,0x000000069cc00000] [id=19508]
  0x00000125ca6c37b0 GCTaskThread "GC Thread#1" [stack: 0x000000069e800000,0x000000069e900000] [id=6760]
  0x0000012584c778e0 GCTaskThread "GC Thread#2" [stack: 0x000000069e900000,0x000000069ea00000] [id=12604]
  0x00000125ca647ca0 GCTaskThread "GC Thread#3" [stack: 0x000000069ea00000,0x000000069eb00000] [id=18664]
  0x00000125cab16930 GCTaskThread "GC Thread#4" [stack: 0x000000069eb00000,0x000000069ec00000] [id=9940]
  0x00000125cb0f6d10 GCTaskThread "GC Thread#5" [stack: 0x000000069ec00000,0x000000069ed00000] [id=20408]
  0x00000125ca921cb0 GCTaskThread "GC Thread#6" [stack: 0x000000069ed00000,0x000000069ee00000] [id=12600]
  0x00000125cba8dd00 GCTaskThread "GC Thread#7" [stack: 0x000000069ee00000,0x000000069ef00000] [id=8332]
  0x00000125cb524880 GCTaskThread "GC Thread#8" [stack: 0x000000069ef00000,0x000000069f000000] [id=17288]
  0x00000125cb39d720 GCTaskThread "GC Thread#9" [stack: 0x000000069f000000,0x000000069f100000] [id=21064]
  0x00000125cba79bc0 GCTaskThread "GC Thread#10" [stack: 0x000000069e600000,0x000000069e700000] [id=5068]
  0x00000125cba79380 GCTaskThread "GC Thread#11" [stack: 0x000000069e700000,0x000000069e800000] [id=16040]
  0x00000125cba79640 GCTaskThread "GC Thread#12" [stack: 0x000000069f100000,0x000000069f200000] [id=17852]
  0x00000125cba7a400 GCTaskThread "GC Thread#13" [stack: 0x000000069f200000,0x000000069f300000] [id=14104]
  0x00000125cba79e80 GCTaskThread "GC Thread#14" [stack: 0x000000069f300000,0x000000069f400000] [id=18932]
  0x00000125e0b6a610 ConcurrentGCThread "G1 Main Marker" [stack: 0x000000069cc00000,0x000000069cd00000] [id=16412]
  0x00000125e0b6af40 ConcurrentGCThread "G1 Conc#0" [stack: 0x000000069cd00000,0x000000069ce00000] [id=9976]
  0x00000125cba7a6c0 ConcurrentGCThread "G1 Conc#1" [stack: 0x000000069f400000,0x000000069f500000] [id=8828]
  0x00000125cba7a140 ConcurrentGCThread "G1 Conc#2" [stack: 0x000000069f500000,0x000000069f600000] [id=16508]
  0x00000125cba79900 ConcurrentGCThread "G1 Conc#3" [stack: 0x000000069f600000,0x000000069f700000] [id=19632]
  0x00000125e0b9e760 ConcurrentGCThread "G1 Refine#0" [stack: 0x000000069ce00000,0x000000069cf00000] [id=21112]
  0x0000012583fb7f40 ConcurrentGCThread "G1 Service" [stack: 0x000000069cf00000,0x000000069d000000] [id=15460]

Threads with active compile tasks:
C2 CompilerThread0     2939 6652       4       lombok.javac.JavacAST::buildStatementOrExpression (120 bytes)
C2 CompilerThread1     2940 6743   !   4       lombok.javac.JavacAST::drill (146 bytes)
C2 CompilerThread2     2940 6787       4       lombok.core.configuration.ConfigurationFile$RegularConfigurationFile::parent (39 bytes)
C2 CompilerThread3     2940 6664   !   4       lombok.core.AST::buildWithField0 (121 bytes)
C2 CompilerThread4     2940 6663       4       lombok.core.AST::buildWithField (21 bytes)
C2 CompilerThread5     2940 6858       4       lombok.core.configuration.BubblingConfigurationResolver::resolve (432 bytes)
C2 CompilerThread6     2940 6936       4       java.lang.reflect.Field::get (29 bytes)

VM state: not at safepoint (normal execution)

VM Mutex/Monitor currently owned by a thread: None

Heap address: 0x0000000704a00000, size: 4022 MB, Compressed Oops mode: Zero based, Oop shift amount: 3

CDS archive(s) mapped at: [0x0000012585000000-0x0000012585ba0000-0x0000012585ba0000), size 12189696, SharedBaseAddress: 0x0000012585000000, ArchiveRelocationMode: 1.
Compressed class space mapped at: 0x0000012586000000-0x00000125c6000000, reserved size: 1073741824
Narrow klass base: 0x0000012585000000, Narrow klass shift: 0, Narrow klass range: 0x100000000

GC Precious Log:
 CPUs: 20 total, 20 available
 Memory: 16084M
 Large Page Support: Disabled
 NUMA Support: Disabled
 Compressed Oops: Enabled (Zero based)
 Heap Region Size: 2M
 Heap Min Capacity: 8M
 Heap Initial Capacity: 252M
 Heap Max Capacity: 4022M
 Pre-touch: Disabled
 Parallel Workers: 15
 Concurrent Workers: 4
 Concurrent Refinement Workers: 15
 Periodic GC: Disabled

Heap:
 garbage-first heap   total 192512K, used 98750K [0x0000000704a00000, 0x0000000800000000)
  region size 2048K, 26 young (53248K), 1 survivors (2048K)
 Metaspace       used 27098K, committed 27456K, reserved 1114112K
  class space    used 2957K, committed 3136K, reserved 1048576K

Heap Regions: E=young(eden), S=young(survivor), O=old, HS=humongous(starts), HC=humongous(continues), CS=collection set, F=free, OA=open archive, CA=closed archive, TAMS=top-at-mark-start (previous, next)
|   0|0x0000000704a00000, 0x0000000704c00000, 0x0000000704c00000|100%| O|  |TAMS 0x0000000704c00000, 0x0000000704c00000| Untracked 
|   1|0x0000000704c00000, 0x0000000704e00000, 0x0000000704e00000|100%| O|  |TAMS 0x0000000704d5b400, 0x0000000704e00000| Untracked 
|   2|0x0000000704e00000, 0x0000000705000000, 0x0000000705000000|100%| O|  |TAMS 0x0000000704e00000, 0x0000000705000000| Untracked 
|   3|0x0000000705000000, 0x0000000705200000, 0x0000000705200000|100%|HS|  |TAMS 0x0000000705200000, 0x0000000705200000| Complete 
|   4|0x0000000705200000, 0x0000000705400000, 0x0000000705400000|100%| O|  |TAMS 0x0000000705200000, 0x0000000705400000| Untracked 
|   5|0x0000000705400000, 0x0000000705600000, 0x0000000705600000|100%| O|  |TAMS 0x0000000705400000, 0x0000000705600000| Untracked 
|   6|0x0000000705600000, 0x0000000705800000, 0x0000000705800000|100%| O|  |TAMS 0x0000000705600000, 0x0000000705800000| Untracked 
|   7|0x0000000705800000, 0x0000000705a00000, 0x0000000705a00000|100%| O|  |TAMS 0x0000000705800000, 0x0000000705a00000| Untracked 
|   8|0x0000000705a00000, 0x0000000705c00000, 0x0000000705c00000|100%| O|  |TAMS 0x0000000705a00000, 0x0000000705c00000| Untracked 
|   9|0x0000000705c00000, 0x0000000705e00000, 0x0000000705e00000|100%| O|  |TAMS 0x0000000705c00000, 0x0000000705e00000| Untracked 
|  10|0x0000000705e00000, 0x0000000706000000, 0x0000000706000000|100%| O|  |TAMS 0x0000000705e00000, 0x0000000706000000| Untracked 
|  11|0x0000000706000000, 0x0000000706200000, 0x0000000706200000|100%| O|  |TAMS 0x0000000706000000, 0x0000000706200000| Untracked 
|  12|0x0000000706200000, 0x0000000706400000, 0x0000000706400000|100%| O|  |TAMS 0x0000000706200000, 0x0000000706400000| Untracked 
|  13|0x0000000706400000, 0x0000000706600000, 0x0000000706600000|100%| O|  |TAMS 0x0000000706400000, 0x0000000706600000| Untracked 
|  14|0x0000000706600000, 0x0000000706800000, 0x0000000706800000|100%| O|  |TAMS 0x0000000706600000, 0x0000000706800000| Untracked 
|  15|0x0000000706800000, 0x0000000706a00000, 0x0000000706a00000|100%| O|  |TAMS 0x0000000706800000, 0x0000000706a00000| Untracked 
|  16|0x0000000706a00000, 0x0000000706c00000, 0x0000000706c00000|100%| O|  |TAMS 0x0000000706a00000, 0x0000000706a00000| Untracked 
|  17|0x0000000706c00000, 0x0000000706ddac00, 0x0000000706e00000| 92%| O|  |TAMS 0x0000000706c00000, 0x0000000706c00000| Untracked 
|  18|0x0000000706e00000, 0x0000000707000000, 0x0000000707000000|100%|HS|  |TAMS 0x0000000706e00000, 0x0000000706e00000| Complete 
|  19|0x0000000707000000, 0x0000000707000000, 0x0000000707200000|  0%| F|  |TAMS 0x0000000707000000, 0x0000000707000000| Untracked 
|  20|0x0000000707200000, 0x0000000707400000, 0x0000000707400000|100%| O|  |TAMS 0x0000000707200000, 0x0000000707400000| Untracked 
|  21|0x0000000707400000, 0x0000000707600000, 0x0000000707600000|100%| O|  |TAMS 0x0000000707400000, 0x0000000707600000| Untracked 
|  22|0x0000000707600000, 0x0000000707800000, 0x0000000707800000|100%| O|  |TAMS 0x0000000707600000, 0x0000000707800000| Untracked 
|  23|0x0000000707800000, 0x0000000707a00000, 0x0000000707a00000|100%| O|  |TAMS 0x0000000707800000, 0x0000000707a00000| Untracked 
|  24|0x0000000707a00000, 0x0000000707c00000, 0x0000000707c00000|100%| O|  |TAMS 0x0000000707a00000, 0x0000000707c00000| Untracked 
|  25|0x0000000707c00000, 0x0000000707c00000, 0x0000000707e00000|  0%| F|  |TAMS 0x0000000707c00000, 0x0000000707c00000| Untracked 
|  26|0x0000000707e00000, 0x0000000707e00000, 0x0000000708000000|  0%| F|  |TAMS 0x0000000707e00000, 0x0000000707e00000| Untracked 
|  27|0x0000000708000000, 0x0000000708000000, 0x0000000708200000|  0%| F|  |TAMS 0x0000000708000000, 0x0000000708000000| Untracked 
|  28|0x0000000708200000, 0x0000000708200000, 0x0000000708400000|  0%| F|  |TAMS 0x0000000708200000, 0x0000000708200000| Untracked 
|  29|0x0000000708400000, 0x0000000708400000, 0x0000000708600000|  0%| F|  |TAMS 0x0000000708400000, 0x0000000708400000| Untracked 
|  30|0x0000000708600000, 0x0000000708600000, 0x0000000708800000|  0%| F|  |TAMS 0x0000000708600000, 0x0000000708600000| Untracked 
|  31|0x0000000708800000, 0x0000000708800000, 0x0000000708a00000|  0%| F|  |TAMS 0x0000000708800000, 0x0000000708800000| Untracked 
|  32|0x0000000708a00000, 0x0000000708a00000, 0x0000000708c00000|  0%| F|  |TAMS 0x0000000708a00000, 0x0000000708a00000| Untracked 
|  33|0x0000000708c00000, 0x0000000708c00000, 0x0000000708e00000|  0%| F|  |TAMS 0x0000000708c00000, 0x0000000708c00000| Untracked 
|  34|0x0000000708e00000, 0x0000000708e00000, 0x0000000709000000|  0%| F|  |TAMS 0x0000000708e00000, 0x0000000708e00000| Untracked 
|  35|0x0000000709000000, 0x0000000709000000, 0x0000000709200000|  0%| F|  |TAMS 0x0000000709000000, 0x0000000709000000| Untracked 
|  36|0x0000000709200000, 0x0000000709200000, 0x0000000709400000|  0%| F|  |TAMS 0x0000000709200000, 0x0000000709200000| Untracked 
|  37|0x0000000709400000, 0x0000000709400000, 0x0000000709600000|  0%| F|  |TAMS 0x0000000709400000, 0x0000000709400000| Untracked 
|  38|0x0000000709600000, 0x0000000709600000, 0x0000000709800000|  0%| F|  |TAMS 0x0000000709600000, 0x0000000709600000| Untracked 
|  39|0x0000000709800000, 0x0000000709800000, 0x0000000709a00000|  0%| F|  |TAMS 0x0000000709800000, 0x0000000709800000| Untracked 
|  40|0x0000000709a00000, 0x0000000709a00000, 0x0000000709c00000|  0%| F|  |TAMS 0x0000000709a00000, 0x0000000709a00000| Untracked 
|  41|0x0000000709c00000, 0x0000000709c00000, 0x0000000709e00000|  0%| F|  |TAMS 0x0000000709c00000, 0x0000000709c00000| Untracked 
|  42|0x0000000709e00000, 0x0000000709e00000, 0x000000070a000000|  0%| F|  |TAMS 0x0000000709e00000, 0x0000000709e00000| Untracked 
|  43|0x000000070a000000, 0x000000070a000000, 0x000000070a200000|  0%| F|  |TAMS 0x000000070a000000, 0x000000070a000000| Untracked 
|  44|0x000000070a200000, 0x000000070a200000, 0x000000070a400000|  0%| F|  |TAMS 0x000000070a200000, 0x000000070a200000| Untracked 
|  45|0x000000070a400000, 0x000000070a400000, 0x000000070a600000|  0%| F|  |TAMS 0x000000070a400000, 0x000000070a400000| Untracked 
|  46|0x000000070a600000, 0x000000070a600000, 0x000000070a800000|  0%| F|  |TAMS 0x000000070a600000, 0x000000070a600000| Untracked 
|  47|0x000000070a800000, 0x000000070a800000, 0x000000070aa00000|  0%| F|  |TAMS 0x000000070a800000, 0x000000070a800000| Untracked 
|  48|0x000000070aa00000, 0x000000070aa00000, 0x000000070ac00000|  0%| F|  |TAMS 0x000000070aa00000, 0x000000070aa00000| Untracked 
|  49|0x000000070ac00000, 0x000000070ac00000, 0x000000070ae00000|  0%| F|  |TAMS 0x000000070ac00000, 0x000000070ac00000| Untracked 
|  50|0x000000070ae00000, 0x000000070ae00000, 0x000000070b000000|  0%| F|  |TAMS 0x000000070ae00000, 0x000000070ae00000| Untracked 
|  51|0x000000070b000000, 0x000000070b000000, 0x000000070b200000|  0%| F|  |TAMS 0x000000070b000000, 0x000000070b000000| Untracked 
|  52|0x000000070b200000, 0x000000070b200000, 0x000000070b400000|  0%| F|  |TAMS 0x000000070b200000, 0x000000070b200000| Untracked 
|  53|0x000000070b400000, 0x000000070b400000, 0x000000070b600000|  0%| F|  |TAMS 0x000000070b400000, 0x000000070b400000| Untracked 
|  54|0x000000070b600000, 0x000000070b600000, 0x000000070b800000|  0%| F|  |TAMS 0x000000070b600000, 0x000000070b600000| Untracked 
|  55|0x000000070b800000, 0x000000070b800000, 0x000000070ba00000|  0%| F|  |TAMS 0x000000070b800000, 0x000000070b800000| Untracked 
|  56|0x000000070ba00000, 0x000000070ba00000, 0x000000070bc00000|  0%| F|  |TAMS 0x000000070ba00000, 0x000000070ba00000| Untracked 
|  57|0x000000070bc00000, 0x000000070bc00000, 0x000000070be00000|  0%| F|  |TAMS 0x000000070bc00000, 0x000000070bc00000| Untracked 
|  58|0x000000070be00000, 0x000000070be00000, 0x000000070c000000|  0%| F|  |TAMS 0x000000070be00000, 0x000000070be00000| Untracked 
|  59|0x000000070c000000, 0x000000070c000000, 0x000000070c200000|  0%| F|  |TAMS 0x000000070c000000, 0x000000070c000000| Untracked 
|  60|0x000000070c200000, 0x000000070c200000, 0x000000070c400000|  0%| F|  |TAMS 0x000000070c200000, 0x000000070c200000| Untracked 
|  61|0x000000070c400000, 0x000000070c400000, 0x000000070c600000|  0%| F|  |TAMS 0x000000070c400000, 0x000000070c400000| Untracked 
|  62|0x000000070c600000, 0x000000070c600000, 0x000000070c800000|  0%| F|  |TAMS 0x000000070c600000, 0x000000070c600000| Untracked 
|  63|0x000000070c800000, 0x000000070c800000, 0x000000070ca00000|  0%| F|  |TAMS 0x000000070c800000, 0x000000070c800000| Untracked 
|  64|0x000000070ca00000, 0x000000070ca00000, 0x000000070cc00000|  0%| F|  |TAMS 0x000000070ca00000, 0x000000070ca00000| Untracked 
|  65|0x000000070cc00000, 0x000000070cc00000, 0x000000070ce00000|  0%| F|  |TAMS 0x000000070cc00000, 0x000000070cc00000| Untracked 
|  66|0x000000070ce00000, 0x000000070ce00000, 0x000000070d000000|  0%| F|  |TAMS 0x000000070ce00000, 0x000000070ce00000| Untracked 
|  67|0x000000070d000000, 0x000000070d000000, 0x000000070d200000|  0%| F|  |TAMS 0x000000070d000000, 0x000000070d000000| Untracked 
|  68|0x000000070d200000, 0x000000070d400000, 0x000000070d400000|100%| E|  |TAMS 0x000000070d200000, 0x000000070d200000| Complete 
|  69|0x000000070d400000, 0x000000070d600000, 0x000000070d600000|100%| E|CS|TAMS 0x000000070d400000, 0x000000070d400000| Complete 
|  70|0x000000070d600000, 0x000000070d800000, 0x000000070d800000|100%| E|CS|TAMS 0x000000070d600000, 0x000000070d600000| Complete 
|  71|0x000000070d800000, 0x000000070da00000, 0x000000070da00000|100%| E|CS|TAMS 0x000000070d800000, 0x000000070d800000| Complete 
|  72|0x000000070da00000, 0x000000070dc00000, 0x000000070dc00000|100%| E|CS|TAMS 0x000000070da00000, 0x000000070da00000| Complete 
|  73|0x000000070dc00000, 0x000000070de00000, 0x000000070de00000|100%| E|CS|TAMS 0x000000070dc00000, 0x000000070dc00000| Complete 
|  74|0x000000070de00000, 0x000000070e000000, 0x000000070e000000|100%| E|CS|TAMS 0x000000070de00000, 0x000000070de00000| Complete 
|  75|0x000000070e000000, 0x000000070e200000, 0x000000070e200000|100%| E|CS|TAMS 0x000000070e000000, 0x000000070e000000| Complete 
|  76|0x000000070e200000, 0x000000070e400000, 0x000000070e400000|100%| E|CS|TAMS 0x000000070e200000, 0x000000070e200000| Complete 
|  77|0x000000070e400000, 0x000000070e600000, 0x000000070e600000|100%| E|CS|TAMS 0x000000070e400000, 0x000000070e400000| Complete 
|  78|0x000000070e600000, 0x000000070e800000, 0x000000070e800000|100%| E|CS|TAMS 0x000000070e600000, 0x000000070e600000| Complete 
|  79|0x000000070e800000, 0x000000070ea00000, 0x000000070ea00000|100%| E|CS|TAMS 0x000000070e800000, 0x000000070e800000| Complete 
|  80|0x000000070ea00000, 0x000000070ec00000, 0x000000070ec00000|100%| E|CS|TAMS 0x000000070ea00000, 0x000000070ea00000| Complete 
|  81|0x000000070ec00000, 0x000000070ee00000, 0x000000070ee00000|100%| E|CS|TAMS 0x000000070ec00000, 0x000000070ec00000| Complete 
|  82|0x000000070ee00000, 0x000000070f000000, 0x000000070f000000|100%| E|CS|TAMS 0x000000070ee00000, 0x000000070ee00000| Complete 
|  83|0x000000070f000000, 0x000000070f200000, 0x000000070f200000|100%| E|CS|TAMS 0x000000070f000000, 0x000000070f000000| Complete 
|  84|0x000000070f200000, 0x000000070f400000, 0x000000070f400000|100%| E|CS|TAMS 0x000000070f200000, 0x000000070f200000| Complete 
|  85|0x000000070f400000, 0x000000070f600000, 0x000000070f600000|100%| E|CS|TAMS 0x000000070f400000, 0x000000070f400000| Complete 
|  86|0x000000070f600000, 0x000000070f800000, 0x000000070f800000|100%| E|CS|TAMS 0x000000070f600000, 0x000000070f600000| Complete 
|  87|0x000000070f800000, 0x000000070fa00000, 0x000000070fa00000|100%| E|CS|TAMS 0x000000070f800000, 0x000000070f800000| Complete 
|  88|0x000000070fa00000, 0x000000070fc00000, 0x000000070fc00000|100%| E|CS|TAMS 0x000000070fa00000, 0x000000070fa00000| Complete 
|  89|0x000000070fc00000, 0x000000070fe00000, 0x000000070fe00000|100%| E|CS|TAMS 0x000000070fc00000, 0x000000070fc00000| Complete 
|  90|0x000000070fe00000, 0x0000000710000000, 0x0000000710000000|100%| E|CS|TAMS 0x000000070fe00000, 0x000000070fe00000| Complete 
| 122|0x0000000713e00000, 0x0000000714000000, 0x0000000714000000|100%| E|CS|TAMS 0x0000000713e00000, 0x0000000713e00000| Complete 
| 123|0x0000000714000000, 0x0000000714094cc0, 0x0000000714200000| 29%| S|CS|TAMS 0x0000000714000000, 0x0000000714000000| Complete 
| 125|0x0000000714400000, 0x0000000714600000, 0x0000000714600000|100%| E|CS|TAMS 0x0000000714400000, 0x0000000714400000| Complete 

Card table byte_map: [0x00000125f8870000,0x00000125f9050000] _byte_map_base: 0x00000125f504b000

Marking Bits (Prev, Next): (CMBitMap*) 0x00000125e0b5a1d0, (CMBitMap*) 0x00000125e0b5a190
 Prev Bits: [0x0000012580000000, 0x0000012583ed8000)
 Next Bits: [0x00000125f9830000, 0x00000125fd708000)

Polling page: 0x00000125de7b0000

Metaspace:

Usage:
  Non-class:     23.57 MB used.
      Class:      2.89 MB used.
       Both:     26.46 MB used.

Virtual space:
  Non-class space:       64.00 MB reserved,      23.75 MB ( 37%) committed,  1 nodes.
      Class space:        1.00 GB reserved,       3.06 MB ( <1%) committed,  1 nodes.
             Both:        1.06 GB reserved,      26.81 MB (  2%) committed. 

Chunk freelists:
   Non-Class:  7.94 MB
       Class:  12.87 MB
        Both:  20.81 MB

MaxMetaspaceSize: unlimited
CompressedClassSpaceSize: 1.00 GB
Initial GC threshold: 21.00 MB
Current GC threshold: 35.25 MB
CDS: on
MetaspaceReclaimPolicy: balanced
 - commit_granule_bytes: 65536.
 - commit_granule_words: 8192.
 - virtual_space_node_default_size: 8388608.
 - enlarge_chunks_in_place: 1.
 - new_chunks_are_fully_committed: 0.
 - uncommit_free_chunks: 1.
 - use_allocation_guard: 0.
 - handle_deallocations: 1.


Internal statistics:

num_allocs_failed_limit: 3.
num_arena_births: 206.
num_arena_deaths: 0.
num_vsnodes_births: 2.
num_vsnodes_deaths: 0.
num_space_committed: 429.
num_space_uncommitted: 0.
num_chunks_returned_to_freelist: 3.
num_chunks_taken_from_freelist: 1197.
num_chunk_merges: 3.
num_chunk_splits: 826.
num_chunks_enlarged: 620.
num_inconsistent_stats: 0.

CodeHeap 'non-profiled nmethods': size=119168Kb used=3820Kb max_used=3820Kb free=115347Kb
 bounds [0x00000125f0190000, 0x00000125f0550000, 0x00000125f75f0000]
CodeHeap 'profiled nmethods': size=119104Kb used=13552Kb max_used=13552Kb free=105551Kb
 bounds [0x00000125e85f0000, 0x00000125e9340000, 0x00000125efa40000]
CodeHeap 'non-nmethods': size=7488Kb used=2901Kb max_used=2962Kb free=4587Kb
 bounds [0x00000125efa40000, 0x00000125efd30000, 0x00000125f0190000]
 total_blobs=6639 nmethods=6120 adapters=425
 compilation: enabled
              stopped_count=0, restarted_count=0
 full_count=0

Compilation events (20 events):
Event: 2.904 Thread 0x00000125840a85f0 6898   !   3       com.sun.tools.javac.comp.MemberEnter::visitVarDef (567 bytes)
Event: 2.904 Thread 0x00000125840a9090 6899       3       com.sun.tools.javac.tree.TreeInfo::isEnumInit (55 bytes)
Event: 2.904 Thread 0x00000125840a95e0 6900       3       com.sun.tools.javac.comp.Check::checkTransparentVar (106 bytes)
Event: 2.904 Thread 0x00000125840a9090 nmethod 6899 0x00000125e9301890 code [0x00000125e9301a60, 0x00000125e9301e68]
Event: 2.905 Thread 0x00000125840a95e0 nmethod 6900 0x00000125e9302010 code [0x00000125e9302260, 0x00000125e9302c68]
Event: 2.906 Thread 0x00000125840a85f0 nmethod 6898 0x00000125e9303010 code [0x00000125e93034a0, 0x00000125e9306008]
Event: 2.906 Thread 0x00000125840a85f0 6901       3       jdk.internal.org.objectweb.asm.SymbolTable::addUninitializedType (103 bytes)
Event: 2.906 Thread 0x00000125840a85f0 nmethod 6901 0x00000125e9306e90 code [0x00000125e93070a0, 0x00000125e9307658]
Event: 2.906 Thread 0x00000125840a85f0 6902       3       java.lang.reflect.Constructor::setAccessible (21 bytes)
Event: 2.906 Thread 0x00000125840ab070 6903       3       java.lang.reflect.Constructor::checkCanSetAccessible (29 bytes)
Event: 2.906 Thread 0x00000125840a9090 6904       3       java.lang.Class::getMethod0 (31 bytes)
Event: 2.906 Thread 0x00000125840ab070 nmethod 6903 0x00000125e9307910 code [0x00000125e9307ae0, 0x00000125e9307db8]
Event: 2.906 Thread 0x00000125840ab070 6905       3       java.lang.PublicMethods$MethodList::getMostSpecific (63 bytes)
Event: 2.906 Thread 0x00000125840a9090 nmethod 6904 0x00000125e9307f10 code [0x00000125e93080c0, 0x00000125e93082f8]
Event: 2.906 Thread 0x00000125840a85f0 nmethod 6902 0x00000125e9308410 code [0x00000125e9308620, 0x00000125e9308d18]
Event: 2.907 Thread 0x00000125840ab070 nmethod 6905 0x00000125e9308f90 code [0x00000125e9309140, 0x00000125e9309468]
Event: 2.910 Thread 0x00000125840a85f0 6906   !   3       com.sun.tools.javac.comp.Check::importAccessible (68 bytes)
Event: 2.910 Thread 0x00000125840a95e0 6907       1       com.sun.tools.javac.util.ListBuffer::length (5 bytes)
Event: 2.910 Thread 0x00000125840a95e0 nmethod 6907 0x00000125f054a310 code [0x00000125f054a4a0, 0x00000125f054a578]
Event: 2.911 Thread 0x00000125840a85f0 nmethod 6906 0x00000125e9309610 code [0x00000125e9309800, 0x00000125e9309e68]

GC Heap History (16 events):
Event: 0.323 GC heap before
{Heap before GC invocations=0 (full 0):
 garbage-first heap   total 258048K, used 22528K [0x0000000704a00000, 0x0000000800000000)
  region size 2048K, 11 young (22528K), 0 survivors (0K)
 Metaspace       used 5077K, committed 5184K, reserved 1114112K
  class space    used 580K, committed 640K, reserved 1048576K
}
Event: 0.326 GC heap after
{Heap after GC invocations=1 (full 0):
 garbage-first heap   total 258048K, used 3782K [0x0000000704a00000, 0x0000000800000000)
  region size 2048K, 2 young (4096K), 2 survivors (4096K)
 Metaspace       used 5077K, committed 5184K, reserved 1114112K
  class space    used 580K, committed 640K, reserved 1048576K
}
Event: 0.615 GC heap before
{Heap before GC invocations=1 (full 0):
 garbage-first heap   total 258048K, used 34502K [0x0000000704a00000, 0x0000000800000000)
  region size 2048K, 17 young (34816K), 2 survivors (4096K)
 Metaspace       used 9374K, committed 9536K, reserved 1114112K
  class space    used 1131K, committed 1216K, reserved 1048576K
}
Event: 0.618 GC heap after
{Heap after GC invocations=2 (full 0):
 garbage-first heap   total 258048K, used 5318K [0x0000000704a00000, 0x0000000800000000)
  region size 2048K, 1 young (2048K), 1 survivors (2048K)
 Metaspace       used 9374K, committed 9536K, reserved 1114112K
  class space    used 1131K, committed 1216K, reserved 1048576K
}
Event: 1.750 GC heap before
{Heap before GC invocations=2 (full 0):
 garbage-first heap   total 258048K, used 160966K [0x0000000704a00000, 0x0000000800000000)
  region size 2048K, 75 young (153600K), 1 survivors (2048K)
 Metaspace       used 17763K, committed 17984K, reserved 1114112K
  class space    used 1946K, committed 2048K, reserved 1048576K
}
Event: 1.758 GC heap after
{Heap after GC invocations=3 (full 0):
 garbage-first heap   total 258048K, used 23597K [0x0000000704a00000, 0x0000000800000000)
  region size 2048K, 8 young (16384K), 8 survivors (16384K)
 Metaspace       used 17763K, committed 17984K, reserved 1114112K
  class space    used 1946K, committed 2048K, reserved 1048576K
}
Event: 1.827 GC heap before
{Heap before GC invocations=3 (full 0):
 garbage-first heap   total 258048K, used 25645K [0x0000000704a00000, 0x0000000800000000)
  region size 2048K, 10 young (20480K), 8 survivors (16384K)
 Metaspace       used 21301K, committed 21504K, reserved 1114112K
  class space    used 2380K, committed 2496K, reserved 1048576K
}
Event: 1.833 GC heap after
{Heap after GC invocations=4 (full 0):
 garbage-first heap   total 258048K, used 24028K [0x0000000704a00000, 0x0000000800000000)
  region size 2048K, 2 young (4096K), 2 survivors (4096K)
 Metaspace       used 21301K, committed 21504K, reserved 1114112K
  class space    used 2380K, committed 2496K, reserved 1048576K
}
Event: 2.220 GC heap before
{Heap before GC invocations=5 (full 0):
 garbage-first heap   total 96256K, used 73180K [0x0000000704a00000, 0x0000000800000000)
  region size 2048K, 27 young (55296K), 2 survivors (4096K)
 Metaspace       used 24128K, committed 24448K, reserved 1114112K
  class space    used 2675K, committed 2816K, reserved 1048576K
}
Event: 2.225 GC heap after
{Heap after GC invocations=6 (full 0):
 garbage-first heap   total 96256K, used 39701K [0x0000000704a00000, 0x0000000800000000)
  region size 2048K, 4 young (8192K), 4 survivors (8192K)
 Metaspace       used 24128K, committed 24448K, reserved 1114112K
  class space    used 2675K, committed 2816K, reserved 1048576K
}
Event: 2.233 GC heap before
{Heap before GC invocations=6 (full 0):
 garbage-first heap   total 96256K, used 41749K [0x0000000704a00000, 0x0000000800000000)
  region size 2048K, 5 young (10240K), 4 survivors (8192K)
 Metaspace       used 24165K, committed 24448K, reserved 1114112K
  class space    used 2678K, committed 2816K, reserved 1048576K
}
Event: 2.238 GC heap after
{Heap after GC invocations=7 (full 0):
 garbage-first heap   total 96256K, used 42007K [0x0000000704a00000, 0x0000000800000000)
  region size 2048K, 1 young (2048K), 1 survivors (2048K)
 Metaspace       used 24165K, committed 24448K, reserved 1114112K
  class space    used 2678K, committed 2816K, reserved 1048576K
}
Event: 2.385 GC heap before
{Heap before GC invocations=7 (full 0):
 garbage-first heap   total 96256K, used 64535K [0x0000000704a00000, 0x0000000800000000)
  region size 2048K, 13 young (26624K), 1 survivors (2048K)
 Metaspace       used 24601K, committed 24832K, reserved 1114112K
  class space    used 2696K, committed 2816K, reserved 1048576K
}
Event: 2.391 GC heap after
{Heap after GC invocations=8 (full 0):
 garbage-first heap   total 96256K, used 47104K [0x0000000704a00000, 0x0000000800000000)
  region size 2048K, 2 young (4096K), 2 survivors (4096K)
 Metaspace       used 24601K, committed 24832K, reserved 1114112K
  class space    used 2696K, committed 2816K, reserved 1048576K
}
Event: 2.408 GC heap before
{Heap before GC invocations=8 (full 0):
 garbage-first heap   total 96256K, used 47104K [0x0000000704a00000, 0x0000000800000000)
  region size 2048K, 3 young (6144K), 2 survivors (4096K)
 Metaspace       used 24753K, committed 24960K, reserved 1114112K
  class space    used 2705K, committed 2816K, reserved 1048576K
}
Event: 2.412 GC heap after
{Heap after GC invocations=9 (full 0):
 garbage-first heap   total 192512K, used 47550K [0x0000000704a00000, 0x0000000800000000)
  region size 2048K, 1 young (2048K), 1 survivors (2048K)
 Metaspace       used 24753K, committed 24960K, reserved 1114112K
  class space    used 2705K, committed 2816K, reserved 1048576K
}

Dll operation events (11 events):
Event: 0.005 Loaded shared library C:\Users\Safarboy\.jdks\corretto-17.0.9\bin\java.dll
Event: 0.015 Loaded shared library C:\Users\Safarboy\.jdks\corretto-17.0.9\bin\jsvml.dll
Event: 0.039 Loaded shared library C:\Users\Safarboy\.jdks\corretto-17.0.9\bin\zip.dll
Event: 0.040 Loaded shared library C:\Users\Safarboy\.jdks\corretto-17.0.9\bin\instrument.dll
Event: 0.043 Loaded shared library C:\Users\Safarboy\.jdks\corretto-17.0.9\bin\net.dll
Event: 0.044 Loaded shared library C:\Users\Safarboy\.jdks\corretto-17.0.9\bin\nio.dll
Event: 0.045 Loaded shared library C:\Users\Safarboy\.jdks\corretto-17.0.9\bin\zip.dll
Event: 0.050 Loaded shared library C:\Program Files\JetBrains\IntelliJ IDEA 2023.2.3\bin\breakgen64.dll
Event: 0.091 Loaded shared library C:\Users\Safarboy\.jdks\corretto-17.0.9\bin\jimage.dll
Event: 0.122 Loaded shared library C:\Users\Safarboy\AppData\Local\Temp\jansi-2.4.0-5b463f2248b9e77-jansi.dll
Event: 0.128 Loaded shared library C:\Users\Safarboy\.jdks\corretto-17.0.9\bin\verify.dll

Deoptimization events (20 events):
Event: 2.820 Thread 0x00000125e0aeb6b0 Uncommon trap: trap_request=0xffffff45 fr.pc=0x00000125f03b9ab4 relative=0x0000000000000194
Event: 2.820 Thread 0x00000125e0aeb6b0 Uncommon trap: reason=unstable_if action=reinterpret pc=0x00000125f03b9ab4 method=java.util.IdentityHashMap.maskNull(Ljava/lang/Object;)Ljava/lang/Object; @ 1 c2
Event: 2.820 Thread 0x00000125e0aeb6b0 DEOPT PACKING pc=0x00000125f03b9ab4 sp=0x000000069cafc700
Event: 2.820 Thread 0x00000125e0aeb6b0 DEOPT UNPACKING pc=0x00000125efa969a3 sp=0x000000069cafc628 mode 2
Event: 2.820 Thread 0x00000125e0aeb6b0 Uncommon trap: trap_request=0xffffff45 fr.pc=0x00000125f03b8a38 relative=0x0000000000000038
Event: 2.820 Thread 0x00000125e0aeb6b0 Uncommon trap: reason=unstable_if action=reinterpret pc=0x00000125f03b8a38 method=java.util.IdentityHashMap.maskNull(Ljava/lang/Object;)Ljava/lang/Object; @ 1 c2
Event: 2.820 Thread 0x00000125e0aeb6b0 DEOPT PACKING pc=0x00000125f03b8a38 sp=0x000000069cafc690
Event: 2.820 Thread 0x00000125e0aeb6b0 DEOPT UNPACKING pc=0x00000125efa969a3 sp=0x000000069cafc630 mode 2
Event: 2.846 Thread 0x00000125e0aeb6b0 DEOPT PACKING pc=0x00000125e91ed6f9 sp=0x000000069cafca20
Event: 2.846 Thread 0x00000125e0aeb6b0 DEOPT UNPACKING pc=0x00000125efa97143 sp=0x000000069cafbf18 mode 0
Event: 2.887 Thread 0x00000125e0aeb6b0 Uncommon trap: trap_request=0xffffffde fr.pc=0x00000125f05431e0 relative=0x00000000000004a0
Event: 2.887 Thread 0x00000125e0aeb6b0 Uncommon trap: reason=class_check action=maybe_recompile pc=0x00000125f05431e0 method=java.lang.reflect.Field.get(Ljava/lang/Object;)Ljava/lang/Object; @ 23 c2
Event: 2.887 Thread 0x00000125e0aeb6b0 DEOPT PACKING pc=0x00000125f05431e0 sp=0x000000069cafc930
Event: 2.887 Thread 0x00000125e0aeb6b0 DEOPT UNPACKING pc=0x00000125efa969a3 sp=0x000000069cafc900 mode 2
Event: 2.897 Thread 0x00000125e0aeb6b0 DEOPT PACKING pc=0x00000125e91ed6f9 sp=0x000000069cafc9c0
Event: 2.897 Thread 0x00000125e0aeb6b0 DEOPT UNPACKING pc=0x00000125efa97143 sp=0x000000069cafbeb8 mode 0
Event: 2.900 Thread 0x00000125e0aeb6b0 Uncommon trap: trap_request=0xffffff45 fr.pc=0x00000125f05410e8 relative=0x0000000000000d08
Event: 2.900 Thread 0x00000125e0aeb6b0 Uncommon trap: reason=unstable_if action=reinterpret pc=0x00000125f05410e8 method=java.util.HashMap.removeNode(ILjava/lang/Object;Ljava/lang/Object;ZZ)Ljava/util/HashMap$Node; @ 62 c2
Event: 2.900 Thread 0x00000125e0aeb6b0 DEOPT PACKING pc=0x00000125f05410e8 sp=0x000000069cafd0b0
Event: 2.900 Thread 0x00000125e0aeb6b0 DEOPT UNPACKING pc=0x00000125efa969a3 sp=0x000000069cafcfd0 mode 2

Classes unloaded (0 events):
No events

Classes redefined (0 events):
No events

Internal exceptions (20 events):
Event: 2.413 Thread 0x00000125e0aeb6b0 Exception <a 'sun/nio/fs/WindowsException'{0x0000000714414ef8}> (0x0000000714414ef8) 
thrown [s\src\hotspot\share\prims\jni.cpp, line 516]
Event: 2.413 Thread 0x00000125e0aeb6b0 Exception <a 'sun/nio/fs/WindowsException'{0x0000000714416a38}> (0x0000000714416a38) 
thrown [s\src\hotspot\share\prims\jni.cpp, line 516]
Event: 2.413 Thread 0x00000125e0aeb6b0 Exception <a 'sun/nio/fs/WindowsException'{0x0000000714416d38}> (0x0000000714416d38) 
thrown [s\src\hotspot\share\prims\jni.cpp, line 516]
Event: 2.413 Thread 0x00000125e0aeb6b0 Exception <a 'sun/nio/fs/WindowsException'{0x0000000714418a90}> (0x0000000714418a90) 
thrown [s\src\hotspot\share\prims\jni.cpp, line 516]
Event: 2.413 Thread 0x00000125e0aeb6b0 Exception <a 'sun/nio/fs/WindowsException'{0x0000000714418de0}> (0x0000000714418de0) 
thrown [s\src\hotspot\share\prims\jni.cpp, line 516]
Event: 2.413 Thread 0x00000125e0aeb6b0 Exception <a 'sun/nio/fs/WindowsException'{0x000000071441a2d0}> (0x000000071441a2d0) 
thrown [s\src\hotspot\share\prims\jni.cpp, line 516]
Event: 2.413 Thread 0x00000125e0aeb6b0 Exception <a 'sun/nio/fs/WindowsException'{0x000000071441a6a8}> (0x000000071441a6a8) 
thrown [s\src\hotspot\share\prims\jni.cpp, line 516]
Event: 2.414 Thread 0x00000125e0aeb6b0 Exception <a 'sun/nio/fs/WindowsException'{0x0000000714422428}> (0x0000000714422428) 
thrown [s\src\hotspot\share\prims\jni.cpp, line 516]
Event: 2.414 Thread 0x00000125e0aeb6b0 Exception <a 'sun/nio/fs/WindowsException'{0x0000000714422788}> (0x0000000714422788) 
thrown [s\src\hotspot\share\prims\jni.cpp, line 516]
Event: 2.414 Thread 0x00000125e0aeb6b0 Exception <a 'sun/nio/fs/WindowsException'{0x0000000714424318}> (0x0000000714424318) 
thrown [s\src\hotspot\share\prims\jni.cpp, line 516]
Event: 2.414 Thread 0x00000125e0aeb6b0 Exception <a 'sun/nio/fs/WindowsException'{0x0000000714424630}> (0x0000000714424630) 
thrown [s\src\hotspot\share\prims\jni.cpp, line 516]
Event: 2.414 Thread 0x00000125e0aeb6b0 Exception <a 'sun/nio/fs/WindowsException'{0x0000000714426448}> (0x0000000714426448) 
thrown [s\src\hotspot\share\prims\jni.cpp, line 516]
Event: 2.414 Thread 0x00000125e0aeb6b0 Exception <a 'sun/nio/fs/WindowsException'{0x00000007144267a8}> (0x00000007144267a8) 
thrown [s\src\hotspot\share\prims\jni.cpp, line 516]
Event: 2.414 Thread 0x00000125e0aeb6b0 Exception <a 'sun/nio/fs/WindowsException'{0x0000000714427cb8}> (0x0000000714427cb8) 
thrown [s\src\hotspot\share\prims\jni.cpp, line 516]
Event: 2.414 Thread 0x00000125e0aeb6b0 Exception <a 'sun/nio/fs/WindowsException'{0x00000007144280a0}> (0x00000007144280a0) 
thrown [s\src\hotspot\share\prims\jni.cpp, line 516]
Event: 2.464 Thread 0x00000125e0aeb6b0 Implicit null exception at 0x00000125f02c23b3 to 0x00000125f02c2788
Event: 2.474 Thread 0x00000125e0aeb6b0 Implicit null exception at 0x00000125f02ae36b to 0x00000125f02ae53c
Event: 2.744 Thread 0x00000125e0aeb6b0 Implicit null exception at 0x00000125f03c81fc to 0x00000125f03c881c
Event: 2.820 Thread 0x00000125e0aeb6b0 Implicit null exception at 0x00000125f03b994f to 0x00000125f03b9aa0
Event: 2.900 Thread 0x00000125e0aeb6b0 Implicit null exception at 0x00000125f05407a4 to 0x00000125f05410b8

VM Operations (20 events):
Event: 2.167 Executing VM operation: ICBufferFull
Event: 2.167 Executing VM operation: ICBufferFull done
Event: 2.195 Executing VM operation: HandshakeAllThreads
Event: 2.195 Executing VM operation: HandshakeAllThreads done
Event: 2.220 Executing VM operation: G1CollectForAllocation
Event: 2.225 Executing VM operation: G1CollectForAllocation done
Event: 2.233 Executing VM operation: G1CollectForAllocation
Event: 2.238 Executing VM operation: G1CollectForAllocation done
Event: 2.302 Executing VM operation: ICBufferFull
Event: 2.302 Executing VM operation: ICBufferFull done
Event: 2.362 Executing VM operation: HandshakeAllThreads
Event: 2.362 Executing VM operation: HandshakeAllThreads done
Event: 2.385 Executing VM operation: G1CollectForAllocation
Event: 2.391 Executing VM operation: G1CollectForAllocation done
Event: 2.408 Executing VM operation: G1TryInitiateConcMark
Event: 2.412 Executing VM operation: G1TryInitiateConcMark done
Event: 2.837 Executing VM operation: HandshakeAllThreads
Event: 2.837 Executing VM operation: HandshakeAllThreads done
Event: 2.847 Executing VM operation: ICBufferFull
Event: 2.847 Executing VM operation: ICBufferFull done

Events (20 events):
Event: 2.610 loading class java/util/Vector$1 done
Event: 2.613 loading class java/io/PushbackInputStream
Event: 2.613 loading class java/io/PushbackInputStream done
Event: 2.706 Thread 0x00000125caac7a80 Thread exited: 0x00000125caac7a80
Event: 2.710 loading class java/util/Collections$UnmodifiableSortedSet
Event: 2.710 loading class java/util/Collections$UnmodifiableSortedSet done
Event: 2.715 loading class java/util/IdentityHashMap$EntrySet
Event: 2.715 loading class java/util/IdentityHashMap$EntrySet done
Event: 2.715 loading class java/util/IdentityHashMap$EntryIterator
Event: 2.715 loading class java/util/IdentityHashMap$EntryIterator done
Event: 2.715 loading class java/util/IdentityHashMap$EntryIterator$Entry
Event: 2.715 loading class java/util/IdentityHashMap$EntryIterator$Entry done
Event: 2.796 loading class java/util/regex/Pattern$SliceI
Event: 2.796 loading class java/util/regex/Pattern$SliceI done
Event: 2.798 loading class java/util/regex/Pattern$Loop
Event: 2.798 loading class java/util/regex/Pattern$Loop done
Event: 2.798 loading class java/util/regex/Pattern$Prolog
Event: 2.798 loading class java/util/regex/Pattern$Prolog done
Event: 2.832 loading class java/util/regex/Pattern$LazyLoop
Event: 2.832 loading class java/util/regex/Pattern$LazyLoop done


Dynamic libraries:
0x00007ff7f9b70000 - 0x00007ff7f9b7e000 	C:\Users\Safarboy\.jdks\corretto-17.0.9\bin\java.exe
0x00007ffaa7500000 - 0x00007ffaa7763000 	C:\WINDOWS\SYSTEM32\ntdll.dll
0x00007ffaa5fd0000 - 0x00007ffaa6097000 	C:\WINDOWS\System32\KERNEL32.DLL
0x00007ffaa4f40000 - 0x00007ffaa5307000 	C:\WINDOWS\System32\KERNELBASE.dll
0x00007ffaa4bc0000 - 0x00007ffaa4d0c000 	C:\WINDOWS\System32\ucrtbase.dll
0x00007ffa89b90000 - 0x00007ffa89ba7000 	C:\Users\Safarboy\.jdks\corretto-17.0.9\bin\jli.dll
0x00007ffa8a450000 - 0x00007ffa8a46b000 	C:\Users\Safarboy\.jdks\corretto-17.0.9\bin\VCRUNTIME140.dll
0x00007ffaa6820000 - 0x00007ffaa69e9000 	C:\WINDOWS\System32\USER32.dll
0x00007ffaa5310000 - 0x00007ffaa5337000 	C:\WINDOWS\System32\win32u.dll
0x00007ffa7ba60000 - 0x00007ffa7bcf0000 	C:\WINDOWS\WinSxS\amd64_microsoft.windows.common-controls_6595b64144ccf1df_6.0.26100.3037_none_3e09262ce333c378\COMCTL32.dll
0x00007ffaa72f0000 - 0x00007ffaa731a000 	C:\WINDOWS\System32\GDI32.dll
0x00007ffaa69f0000 - 0x00007ffaa6a99000 	C:\WINDOWS\System32\msvcrt.dll
0x00007ffaa4a90000 - 0x00007ffaa4bbb000 	C:\WINDOWS\System32\gdi32full.dll
0x00007ffaa4e90000 - 0x00007ffaa4f33000 	C:\WINDOWS\System32\msvcp_win.dll
0x00007ffaa7480000 - 0x00007ffaa74af000 	C:\WINDOWS\System32\IMM32.DLL
0x00007ffa8e680000 - 0x00007ffa8e68c000 	C:\Users\Safarboy\.jdks\corretto-17.0.9\bin\vcruntime140_1.dll
0x00007ffa1a810000 - 0x00007ffa1a89d000 	C:\Users\Safarboy\.jdks\corretto-17.0.9\bin\msvcp140.dll
0x00007ffa0a540000 - 0x00007ffa0b1a1000 	C:\Users\Safarboy\.jdks\corretto-17.0.9\bin\server\jvm.dll
0x00007ffaa5870000 - 0x00007ffaa5924000 	C:\WINDOWS\System32\ADVAPI32.dll
0x00007ffaa5420000 - 0x00007ffaa54c6000 	C:\WINDOWS\System32\sechost.dll
0x00007ffaa5b20000 - 0x00007ffaa5c36000 	C:\WINDOWS\System32\RPCRT4.dll
0x00007ffaa3560000 - 0x00007ffaa35ae000 	C:\WINDOWS\SYSTEM32\POWRPROF.dll
0x00007ffa8d970000 - 0x00007ffa8d9a6000 	C:\WINDOWS\SYSTEM32\WINMM.dll
0x00007ffa78400000 - 0x00007ffa7840a000 	C:\WINDOWS\SYSTEM32\WSOCK32.dll
0x00007ffaa54d0000 - 0x00007ffaa5544000 	C:\WINDOWS\System32\WS2_32.dll
0x00007ffa967d0000 - 0x00007ffa967db000 	C:\WINDOWS\SYSTEM32\VERSION.dll
0x00007ffaa3540000 - 0x00007ffaa3554000 	C:\WINDOWS\SYSTEM32\UMPDC.dll
0x00007ffaa3740000 - 0x00007ffaa375a000 	C:\WINDOWS\SYSTEM32\kernel.appcore.dll
0x00007ffa8ca10000 - 0x00007ffa8ca1a000 	C:\Users\Safarboy\.jdks\corretto-17.0.9\bin\jimage.dll
0x00007ffaa20d0000 - 0x00007ffaa2311000 	C:\WINDOWS\SYSTEM32\DBGHELP.DLL
0x00007ffaa5c40000 - 0x00007ffaa5fbe000 	C:\WINDOWS\System32\combase.dll
0x00007ffaa7320000 - 0x00007ffaa73f6000 	C:\WINDOWS\System32\OLEAUT32.dll
0x00007ffa189b0000 - 0x00007ffa189e9000 	C:\WINDOWS\SYSTEM32\dbgcore.DLL
0x00007ffaa4930000 - 0x00007ffaa49c9000 	C:\WINDOWS\System32\bcryptPrimitives.dll
0x00007ffa9bbd0000 - 0x00007ffa9bbde000 	C:\Users\Safarboy\.jdks\corretto-17.0.9\bin\instrument.dll
0x00007ffa8eaa0000 - 0x00007ffa8eac5000 	C:\Users\Safarboy\.jdks\corretto-17.0.9\bin\java.dll
0x00007ffa18ab0000 - 0x00007ffa18b87000 	C:\Users\Safarboy\.jdks\corretto-17.0.9\bin\jsvml.dll
0x00007ffaa6aa0000 - 0x00007ffaa71a4000 	C:\WINDOWS\System32\SHELL32.dll
0x00007ffaa2480000 - 0x00007ffaa2cb7000 	C:\WINDOWS\SYSTEM32\windows.storage.dll
0x00007ffaa6240000 - 0x00007ffaa6329000 	C:\WINDOWS\System32\SHCORE.dll
0x00007ffaa67c0000 - 0x00007ffaa681d000 	C:\WINDOWS\System32\shlwapi.dll
0x00007ffaa47b0000 - 0x00007ffaa47de000 	C:\WINDOWS\SYSTEM32\profapi.dll
0x00007ffa89440000 - 0x00007ffa89458000 	C:\Users\Safarboy\.jdks\corretto-17.0.9\bin\zip.dll
0x00007ffa8af80000 - 0x00007ffa8af99000 	C:\Users\Safarboy\.jdks\corretto-17.0.9\bin\net.dll
0x00007ffa9ce90000 - 0x00007ffa9cfae000 	C:\WINDOWS\SYSTEM32\WINHTTP.dll
0x00007ffaa3cf0000 - 0x00007ffaa3d58000 	C:\WINDOWS\system32\mswsock.dll
0x00007ffa8adf0000 - 0x00007ffa8ae06000 	C:\Users\Safarboy\.jdks\corretto-17.0.9\bin\nio.dll
0x00007ffa9bbb0000 - 0x00007ffa9bbca000 	C:\Program Files\JetBrains\IntelliJ IDEA 2023.2.3\bin\breakgen64.dll
0x0000000069ac0000 - 0x0000000069ae4000 	C:\Users\Safarboy\AppData\Local\Temp\jansi-2.4.0-5b463f2248b9e77-jansi.dll
0x00007ffa81bd0000 - 0x00007ffa81be0000 	C:\Users\Safarboy\.jdks\corretto-17.0.9\bin\verify.dll

dbghelp: loaded successfully - version: 4.0.5 - missing functions: none
symbol engine: initialized successfully - sym options: 0x614 - pdb path: .;C:\Users\Safarboy\.jdks\corretto-17.0.9\bin;C:\WINDOWS\SYSTEM32;C:\WINDOWS\WinSxS\amd64_microsoft.windows.common-controls_6595b64144ccf1df_6.0.26100.3037_none_3e09262ce333c378;C:\Users\Safarboy\.jdks\corretto-17.0.9\bin\server;C:\Program Files\JetBrains\IntelliJ IDEA 2023.2.3\bin;C:\Users\Safarboy\AppData\Local\Temp

VM Arguments:
jvm_args: -Dmaven.multiModuleProjectDirectory=C:\Users\Safarboy\Desktop\cdleldt-api -Djansi.passthrough=true -Dmaven.home=C:\Users\Safarboy\.m2\wrapper\dists\apache-maven-3.8.6-bin\1ks0nkde5v1pk9vtc31i9d0lcd\apache-maven-3.8.6 -Dclassworlds.conf=C:\Users\Safarboy\.m2\wrapper\dists\apache-maven-3.8.6-bin\1ks0nkde5v1pk9vtc31i9d0lcd\apache-maven-3.8.6\bin\m2.conf -Dmaven.ext.class.path=C:\Program Files\JetBrains\IntelliJ IDEA 2023.2.3\plugins\maven\lib\maven-event-listener.jar -javaagent:C:\Program Files\JetBrains\IntelliJ IDEA 2023.2.3\lib\idea_rt.jar=64645:C:\Program Files\JetBrains\IntelliJ IDEA 2023.2.3\bin -Dfile.encoding=UTF-8 
java_command: org.codehaus.classworlds.Launcher -Didea.version=2023.2.3 install
java_class_path (initial): C:\Users\Safarboy\.m2\wrapper\dists\apache-maven-3.8.6-bin\1ks0nkde5v1pk9vtc31i9d0lcd\apache-maven-3.8.6\boot\plexus-classworlds-2.6.0.jar;C:\Users\Safarboy\.m2\wrapper\dists\apache-maven-3.8.6-bin\1ks0nkde5v1pk9vtc31i9d0lcd\apache-maven-3.8.6\boot\plexus-classworlds.license
Launcher Type: SUN_STANDARD

[Global flags]
     intx CICompilerCount                          = 12                                        {product} {ergonomic}
     uint ConcGCThreads                            = 4                                         {product} {ergonomic}
     uint G1ConcRefinementThreads                  = 15                                        {product} {ergonomic}
   size_t G1HeapRegionSize                         = 2097152                                   {product} {ergonomic}
    uintx GCDrainStackTargetSize                   = 64                                        {product} {ergonomic}
   size_t InitialHeapSize                          = 264241152                                 {product} {ergonomic}
   size_t MarkStackSize                            = 4194304                                   {product} {ergonomic}
   size_t MaxHeapSize                              = 4217372672                                {product} {ergonomic}
   size_t MaxNewSize                               = 2529165312                                {product} {ergonomic}
   size_t MinHeapDeltaBytes                        = 2097152                                   {product} {ergonomic}
   size_t MinHeapSize                              = 8388608                                   {product} {ergonomic}
    uintx NonNMethodCodeHeapSize                   = 7602480                                {pd product} {ergonomic}
    uintx NonProfiledCodeHeapSize                  = 122027880                              {pd product} {ergonomic}
    uintx ProfiledCodeHeapSize                     = 122027880                              {pd product} {ergonomic}
    uintx ReservedCodeCacheSize                    = 251658240                              {pd product} {ergonomic}
     bool SegmentedCodeCache                       = true                                      {product} {ergonomic}
   size_t SoftMaxHeapSize                          = 4217372672                             {manageable} {ergonomic}
     bool UseCompressedClassPointers               = true                           {product lp64_product} {ergonomic}
     bool UseCompressedOops                        = true                           {product lp64_product} {ergonomic}
     bool UseG1GC                                  = true                                      {product} {ergonomic}
     bool UseLargePagesIndividualAllocation        = false                                  {pd product} {ergonomic}

Logging:
Log output configuration:
 #0: stdout all=warning uptime,level,tags
 #1: stderr all=off uptime,level,tags

Environment Variables:
JAVA_HOME=C:\Program Files\Microsoft\jdk-11.0.20.8-hotspot\
PATH=C:\Program Files\Microsoft\jdk-11.0.20.8-hotspot\bin;C:\Program Files\Common Files\Oracle\Java\javapath;C:\WINDOWS\system32;C:\WINDOWS;C:\WINDOWS\System32\Wbem;C:\WINDOWS\System32\WindowsPowerShell\v1.0\;C:\WINDOWS\System32\OpenSSH\;C:\Program Files\Git\cmd;C:\ProgramData\chocolatey\bin;C:\Users\Safarboy\AppData\Roaming\nvm;C:\Program Files\nodejs;C:\Program Files\dotnet\;C:\Program Files (x86)\NVIDIA Corporation\PhysX\Common;C:\Program Files\CMake\bin;C:\Program Files\NVIDIA Corporation\NVIDIA NvDLISR;C:\Program Files\nodejs\;C:\Program Files\Go\bin;C:\Users\Safarboy\AppData\Local\pnpm;C:\Users\Safarboy\AppData\Local\Programs\Python\Python312\Scripts\;C:\Users\Safarboy\AppData\Local\Programs\Python\Python312\;C:\Users\Safarboy\AppData\Local\Programs\Python\Python311\Scripts\;C:\Users\Safarboy\AppData\Local\Programs\Python\Python311\;C:\Users\Safarboy\AppData\Local\Microsoft\WindowsApps;C:\Users\Safarboy\AppData\Local\Programs\Microsoft VS Code\bin;C:\Program Files\JetBrains\IntelliJ IDEA 2023.2.3\bin;;C:\Users\Safarboy\AppData\Roaming\nvm;C:\Program Files\nodejs;C:\Users\YourUser\AppData\Local\Android\Sdk\plataforms;C:\Users\YourUser\AppData\Local\Android\Sdk\plataform-tools;C:\Program Files\JetBrains\WebStorm 2023.3.2\bin;;C:\Users\Safarboy\AppData\Local\GitHubDesktop\bin;C:\Users\Safarboy\AppData\Local\Microsoft\WinGet\Packages\Gyan.FFmpeg_Microsoft.Winget.Source_8wekyb3d8bbwe\ffmpeg-7.0.1-full_build\bin;C:\Users\Safarboy\AppData\Local\Microsoft\WinGet\Packages\yt-dlp.yt-dlp_Microsoft.Winget.Source_8wekyb3d8bbwe;C:\GTK\bin;C:\Users\Safarboy\AppData\Roaming\npm;C:\Users\Safarboy\go\bin
USERNAME=Safarboy
OS=Windows_NT
PROCESSOR_IDENTIFIER=Intel64 Family 6 Model 154 Stepping 3, GenuineIntel
TMP=C:\Users\Safarboy\AppData\Local\Temp
TEMP=C:\Users\Safarboy\AppData\Local\Temp



Periodic native trim disabled


---------------  S Y S T E M  ---------------

OS:
 Windows 11 , 64 bit Build 26100 (10.0.26100.3037)
OS uptime: 1 days 0:28 hours

CPU: total 20 (initial active 20) (10 cores per cpu, 2 threads per core) family 6 model 154 stepping 3 microcode 0x416, cx8, cmov, fxsr, ht, mmx, 3dnowpref, sse, sse2, sse3, ssse3, sse4.1, sse4.2, popcnt, lzcnt, tsc, tscinvbit, avx, avx2, aes, erms, clmul, bmi1, bmi2, adx, sha, fma, vzeroupper, clflush, clflushopt, clwb
Processor Information for processor 0
  Max Mhz: 2700, Current Mhz: 2700, Mhz Limit: 2700
Processor Information for processor 1
  Max Mhz: 2700, Current Mhz: 2700, Mhz Limit: 2700
Processor Information for processor 2
  Max Mhz: 2700, Current Mhz: 2700, Mhz Limit: 2700
Processor Information for processor 3
  Max Mhz: 2700, Current Mhz: 2700, Mhz Limit: 2700
Processor Information for processor 4
  Max Mhz: 2700, Current Mhz: 2700, Mhz Limit: 2700
Processor Information for processor 5
  Max Mhz: 2700, Current Mhz: 2700, Mhz Limit: 2700
Processor Information for processor 6
  Max Mhz: 2700, Current Mhz: 2700, Mhz Limit: 2700
Processor Information for processor 7
  Max Mhz: 2700, Current Mhz: 2700, Mhz Limit: 2700
Processor Information for processor 8
  Max Mhz: 2700, Current Mhz: 2700, Mhz Limit: 2700
Processor Information for processor 9
  Max Mhz: 2700, Current Mhz: 2700, Mhz Limit: 2700
Processor Information for processor 10
  Max Mhz: 2700, Current Mhz: 2700, Mhz Limit: 2700
Processor Information for processor 11
  Max Mhz: 2700, Current Mhz: 2700, Mhz Limit: 2700
Processor Information for processor 12
  Max Mhz: 2700, Current Mhz: 1995, Mhz Limit: 1971
Processor Information for processor 13
  Max Mhz: 2700, Current Mhz: 1995, Mhz Limit: 1971
Processor Information for processor 14
  Max Mhz: 2700, Current Mhz: 1995, Mhz Limit: 1971
Processor Information for processor 15
  Max Mhz: 2700, Current Mhz: 1995, Mhz Limit: 1971
Processor Information for processor 16
  Max Mhz: 2700, Current Mhz: 1995, Mhz Limit: 1971
Processor Information for processor 17
  Max Mhz: 2700, Current Mhz: 1995, Mhz Limit: 1971
Processor Information for processor 18
  Max Mhz: 2700, Current Mhz: 1995, Mhz Limit: 1971
Processor Information for processor 19
  Max Mhz: 2700, Current Mhz: 1995, Mhz Limit: 1971

Memory: 4k page, system-wide physical 16084M (3555M free)
TotalPageFile size 16084M (AvailPageFile size 11M)
current process WorkingSet (physical memory assigned to process): 338M, peak: 341M
current process commit charge ("private bytes"): 437M, peak: 441M

vm_info: OpenJDK 64-Bit Server VM (17.0.9+8-LTS) for windows-amd64 JRE (17.0.9+8-LTS), built on Oct 12 2023 16:15:33 by "Administrator" with MS VC++ 16.10 / 16.11 (VS2019)

END.
